
[2015-04-07 14:39:31] INFO [users.userConnected:8] User INGEGUS has connected !
[2015-04-08 15:44:06] INFO [users.userConnected:8] User INGEGUS has connected !
[2015-04-08 16:21:43] INFO [users.userDisconnected:13] User INGEGUS has disconnected !
[2015-04-08 16:21:55] INFO [users.userConnected:8] User INGEGUS has connected !
[2015-04-08 16:39:51] INFO [users.userDisconnected:13] User INGEGUS has disconnected !
[2015-04-08 16:40:28] INFO [users.userConnected:8] User INGEGUS has connected !
[2015-04-08 16:40:35] INFO [users.userDisconnected:13] User INGEGUS has disconnected !
[2015-04-08 16:40:51] INFO [users.userConnected:8] User INGEGUSLERETOUR has connected !
[2015-04-08 16:41:33] INFO [users.userDisconnected:13] User INGEGUSLERETOUR has disconnected !
[2015-04-08 16:41:37] INFO [users.userConnected:8] User INGEGUS has connected !
[2015-04-08 16:44:27] INFO [users.userDisconnected:13] User INGEGUS has disconnected !
[2015-04-08 16:44:30] INFO [users.userConnected:8] User INGEGUSLERETOUR has connected !
[2015-04-08 16:49:35] INFO [users.userDisconnected:13] User INGEGUSLERETOUR has disconnected !
[2015-04-08 16:49:39] INFO [users.userConnected:8] User INGEGUS has connected !
[2015-04-08 16:56:24] INFO [users.userDisconnected:13] User INGEGUS has disconnected !
[2015-04-08 16:56:29] INFO [users.userConnected:8] User INGEGUSLERETOUR has connected !
[2015-04-08 17:07:10] INFO [users.userConnected:8] User INGEGUS has connected !
[2015-04-08 17:07:25] INFO [users.userDisconnected:13] User INGEGUS has disconnected !
[2015-04-08 17:07:28] INFO [users.userConnected:8] User INGEGUSLERETOUR has connected !
[2015-04-08 17:24:26] INFO [users.userDisconnected:13] User INGEGUSLERETOUR has disconnected !
[2015-04-08 17:24:28] INFO [users.userConnected:8] User INGEGUS has connected !
[2015-04-08 17:34:14] ERROR [users.home:18] ingegus's account is not linked to a profile account!
[2015-04-08 17:34:15] ERROR [users.home:18] ingegus's account is not linked to a profile account!
[2015-04-08 17:36:14] ERROR [users.home:18] ingegus's account is not linked to a profile account! id = 1
[2015-04-08 17:56:34] INFO [users.userDisconnected:13] User INGEGUS has disconnected !
[2015-04-08 17:56:38] INFO [users.userConnected:8] User INGEGUSLERETOUR has connected !
[2015-04-08 17:56:51] INFO [users.userConnected:8] User INGEGUS has connected !
[2015-04-08 18:00:33] ERROR [users.home:18] ingegus's account is not linked to a profile account! id = 1
[2015-04-08 18:00:35] INFO [users.userDisconnected:13] User INGEGUS has disconnected !
[2015-04-08 18:00:38] INFO [users.userConnected:8] User INGEGUSLERETOUR has connected !
[2015-04-08 18:07:43] INFO [users.userDisconnected:13] User INGEGUSLERETOUR has disconnected !
[2015-04-08 18:07:46] INFO [users.userConnected:8] User INGEGUS has connected !
[2015-04-08 18:07:46] ERROR [users.getUser:18] ingegus's account is not linked to a profile account! id = 1
[2015-04-08 18:07:51] INFO [users.userDisconnected:13] User INGEGUS has disconnected !
[2015-04-08 18:07:56] INFO [users.userConnected:8] User INGEGUSLERETOUR has connected !
[2015-04-08 18:56:08] INFO [users.userConnected:8] User INGEGUS has connected !
[2015-04-09 15:25:08] INFO [users.userDisconnected:13] User INGEGUS has disconnected !
[2015-04-09 15:25:10] INFO [users.userConnected:8] User INGEGUSLERETOUR has connected !
[2015-04-10 13:33:50] INFO [users.userConnected:8] User INGEGUS has connected !
[2015-04-10 13:34:55] INFO [users.userDisconnected:13] User INGEGUS has disconnected !
[2015-04-10 13:34:57] INFO [users.userConnected:8] User INGEGUSLERETOUR has connected !
[2015-04-14 15:38:23] INFO [users.userConnected:8] User INGEGUS has connected !
[2015-04-14 15:38:59] INFO [users.userDisconnected:13] User INGEGUS has disconnected !
[2015-04-14 15:39:06] INFO [users.userConnected:8] User INGEGUSLERETOUR has connected !
[2015-04-15 14:27:48] INFO [users.userDisconnected:13] User INGEGUSLERETOUR has disconnected !
[2015-04-15 14:29:14] INFO [users.userConnected:8] User INGEGUSLERETOUR has connected !
[2015-04-15 16:28:50] INFO [users.userConnected:8] User INGEGUS has connected !
[2015-04-15 16:31:46] INFO [users.userDisconnected:13] User INGEGUS has disconnected !
[2015-04-15 16:31:53] INFO [users.userConnected:8] User INGEGUSLERETOUR has connected !
[2015-04-17 16:18:21] INFO [users.userDisconnected:13] User INGEGUSLERETOUR has disconnected !
[2015-04-17 16:18:39] INFO [users.userConnected:8] User INGEGUSLERETOUR has connected !
[2015-04-17 19:52:37] INFO [users.userDisconnected:13] User INGEGUSLERETOUR has disconnected !
[2015-04-17 21:32:42] INFO [users.userConnected:8] User INGEGUSLERETOUR has connected !
[2015-04-17 21:37:42] INFO [users.userDisconnected:13] User INGEGUSLERETOUR has disconnected !
[2015-04-17 21:37:46] INFO [users.userConnected:8] User INGEGUSLERETOUR has connected !
[2015-04-18 14:22:13] INFO [users.userDisconnected:13] User INGEGUSLERETOUR has disconnected !
[2015-04-18 18:13:27] INFO [users.userConnected:8] User INGEGUSLERETOUR has connected !
[2015-04-18 18:37:04] INFO [users.userDisconnected:13] User INGEGUSLERETOUR has disconnected !
[2015-04-18 18:40:41] INFO [users.userConnected:8] User INGEGUSLERETOUR has connected !
[2015-04-18 18:40:43] INFO [users.userDisconnected:13] User INGEGUSLERETOUR has disconnected !
[2015-04-18 18:40:46] INFO [users.userConnected:8] User INGEGUSLERETOUR has connected !
[2015-04-18 18:40:47] INFO [users.userDisconnected:13] User INGEGUSLERETOUR has disconnected !
[2015-04-18 19:22:19] INFO [users.userConnected:8] User INGEGUSLERETOUR has connected !
[2015-04-18 19:22:21] INFO [users.userDisconnected:13] User INGEGUSLERETOUR has disconnected !
[2015-04-18 19:34:43] INFO [users.userConnected:8] User INGEGUSLERETOUR has connected !
[2015-04-18 19:34:49] INFO [users.userDisconnected:13] User INGEGUSLERETOUR has disconnected !
[2015-04-18 19:48:25] INFO [users.userConnected:8] User INGEGUSLERETOUR has connected !
[2015-04-18 19:48:42] INFO [users.userDisconnected:13] User INGEGUSLERETOUR has disconnected !
[2015-04-18 22:33:23] INFO [users.userConnected:8] User INGEGUSLERETOUR has connected !
[2015-04-18 22:36:52] INFO [users.userDisconnected:13] User INGEGUSLERETOUR has disconnected !
[2015-04-18 22:44:27] INFO [users.userConnected:8] User INGEGUSLERETOUR has connected !
[2015-04-26 17:46:15] INFO [users.userDisconnected:13] User INGEGUSLERETOUR has disconnected !
[2015-04-26 17:46:19] INFO [users.userConnected:8] User INGEGUSLERETOUR has connected !
[2015-04-26 19:37:38] INFO [users.userDisconnected:13] User INGEGUSLERETOUR has disconnected !
[2015-04-26 19:37:41] INFO [users.userConnected:8] User INGEGUSLERETOUR has connected !
[2015-04-27 20:59:31] INFO [users.userConnected:8] User INGEGUS has connected !
[2015-04-27 21:04:28] ERROR [users.getStudent:19] ingegus's account is not linked to a profile account! id = 1
[2015-04-27 21:04:33] INFO [users.userDisconnected:13] User INGEGUS has disconnected !
[2015-04-27 21:04:34] INFO [users.userConnected:8] User INGEGUSLERETOUR has connected !
[2015-04-27 21:04:44] INFO [users.userDisconnected:13] User INGEGUSLERETOUR has disconnected !
[2015-04-27 21:04:48] INFO [users.userConnected:8] User INGEGUS has connected !
[2015-04-27 21:05:16] INFO [users.userDisconnected:13] User INGEGUS has disconnected !
[2015-04-27 21:05:17] INFO [users.userConnected:8] User INGEGUSLERETOUR has connected !
[2015-04-27 21:05:29] INFO [users.userConnected:8] User INGEGUS has connected !
[2015-04-27 21:05:58] INFO [users.userDisconnected:13] User INGEGUS has disconnected !
[2015-04-27 21:05:59] INFO [users.userConnected:8] User INGEGUSLERETOUR has connected !
[2015-04-28 21:00:06] INFO [users.userConnected:8] User INGEGUS has connected !
[2015-04-28 21:00:48] ERROR [users.getStudent:19] ingegus's account is not linked to a profile account! id = 1
[2015-04-28 21:01:02] INFO [users.userDisconnected:13] User INGEGUS has disconnected !
[2015-04-28 21:01:04] INFO [users.userConnected:8] User INGEGUSLERETOUR has connected !
[2015-04-28 21:03:46] INFO [users.userDisconnected:13] User INGEGUSLERETOUR has disconnected !
[2015-04-28 21:03:50] INFO [users.userConnected:8] User INGEGUS has connected !
[2015-04-28 21:04:29] INFO [users.userDisconnected:13] User INGEGUS has disconnected !
[2015-04-28 21:04:38] INFO [users.userConnected:8] User ARMAND88 has connected !
[2015-04-28 21:04:48] INFO [users.userDisconnected:13] User ARMAND88 has disconnected !
[2015-04-28 21:04:55] INFO [users.userConnected:8] User INGEGUSLERETOUR has connected !
[2015-04-28 21:15:28] INFO [users.userConnected:8] User INGEGUS has connected !
[2015-04-28 21:16:52] INFO [users.userDisconnected:13] User INGEGUS has disconnected !
[2015-04-28 21:16:54] INFO [users.userConnected:8] User INGEGUSLERETOUR has connected !
[2015-04-28 21:17:18] INFO [users.userConnected:8] User INGEGUS has connected !
[2015-04-28 21:17:45] INFO [users.userDisconnected:13] User INGEGUS has disconnected !
[2015-04-28 21:17:46] INFO [users.userConnected:8] User INGEGUSLERETOUR has connected !
[2015-04-29 18:44:55] INFO [users.userConnected:8] User INGEGUSLERETOUR has connected !
[2015-04-29 18:45:07] INFO [users.userConnected:8] User INGEGUS has connected !
[2015-04-29 18:45:11] ERROR [users.getStudent:19] ingegus's account is not linked to a profile account! id = 1
[2015-04-29 18:45:13] INFO [users.userDisconnected:13] User INGEGUS has disconnected !
[2015-04-29 19:03:09] INFO [users.userConnected:8] User INGEGUSLERETOUR has connected !
[2015-04-30 17:10:21] INFO [users.userConnected:8] User INGEGUS has connected !
[2015-04-30 17:11:53] INFO [users.userDisconnected:13] User INGEGUS has disconnected !
[2015-04-30 17:11:55] INFO [users.userConnected:8] User INGEGUSLERETOUR has connected !
[2015-04-30 18:03:18] INFO [users.userConnected:8] User INGEGUS has connected !
[2015-04-30 18:05:26] INFO [users.userDisconnected:13] User INGEGUS has disconnected !
[2015-04-30 18:05:27] INFO [users.userConnected:8] User INGEGUSLERETOUR has connected !
[2015-04-30 18:19:50] INFO [users.userConnected:8] User INGEGUS has connected !
[2015-04-30 18:40:10] INFO [users.userDisconnected:13] User INGEGUS has disconnected !
[2015-04-30 18:40:13] INFO [users.userConnected:8] User INGEGUSLERETOUR has connected !
[2015-04-30 18:43:21] INFO [users.userConnected:8] User INGEGUS has connected !
[2015-04-30 18:44:15] INFO [users.userDisconnected:13] User INGEGUS has disconnected !
[2015-04-30 18:44:36] INFO [users.userConnected:8] User INGEGUSLERETOUR has connected !
[2015-04-30 18:45:31] INFO [users.userDisconnected:13] User INGEGUSLERETOUR has disconnected !
[2015-04-30 18:45:42] INFO [users.userConnected:8] User INGEGUSLERETOUR has connected !
[2015-04-30 19:35:42] INFO [users.userConnected:8] User INGEGUS has connected !
[2015-04-30 19:40:51] INFO [users.userDisconnected:13] User INGEGUS has disconnected !
[2015-04-30 19:40:54] INFO [users.userConnected:8] User INGEGUS has connected !
[2015-04-30 19:53:04] INFO [users.userDisconnected:13] User INGEGUS has disconnected !
[2015-04-30 19:53:14] INFO [users.userConnected:8] User LWEED has connected !
[2015-04-30 19:53:16] INFO [users.userDisconnected:13] User LWEED has disconnected !
[2015-04-30 19:53:24] INFO [users.userConnected:8] User GUIGUI has connected !
[2015-04-30 19:53:28] INFO [users.userDisconnected:13] User GUIGUI has disconnected !
[2015-04-30 19:53:37] INFO [users.userConnected:8] User GUIGUI has connected !
[2015-04-30 19:54:01] INFO [users.userDisconnected:13] User GUIGUI has disconnected !
[2015-04-30 19:54:07] INFO [users.userConnected:8] User INGEGUSLERETOUR has connected !
[2015-04-30 22:07:59] INFO [users.userConnected:8] User INGEGUS has connected !
[2015-05-01 11:42:00] INFO [users.userDisconnected:13] User INGEGUS has disconnected !
[2015-05-01 11:42:01] INFO [users.userConnected:8] User INGEGUSLERETOUR has connected !
[2015-05-01 11:42:39] INFO [users.userConnected:8] User INGEGUS has connected !
[2015-05-01 11:50:10] ERROR [users.getStudent:23] ingegus's account is not linked to a profile account! id = 1
[2015-05-01 11:50:11] INFO [users.userDisconnected:13] User INGEGUS has disconnected !
[2015-05-01 11:50:13] INFO [users.userConnected:8] User INGEGUSLERETOUR has connected !
[2015-05-01 11:50:15] INFO [users.userConnected:8] User INGEGUSLERETOUR has connected !
[2015-05-01 11:50:16] INFO [users.userConnected:8] User INGEGUSLERETOUR has connected !
[2015-05-01 12:26:51] INFO [users.userConnected:8] User INGEGUS has connected !
[2015-05-01 12:31:49] INFO [users.userDisconnected:13] User INGEGUS has disconnected !
[2015-05-01 12:31:51] INFO [users.userConnected:8] User INGEGUSLERETOUR has connected !
[2015-05-01 12:32:07] INFO [users.userConnected:8] User INGEGUS has connected !
[2015-05-01 12:42:41] INFO [users.userDisconnected:13] User INGEGUS has disconnected !
[2015-05-01 12:42:42] INFO [users.userConnected:8] User INGEGUSLERETOUR has connected !
